2019-04-03 14:19:58 INFO 线程：1 - B8CC0B9B6E2BB3DA709E012608BB77BC
2019-04-03 14:21:53 INFO 线程：1 - B8CC0B9B6E2BB3DA709E012608BB77BC
2019-04-03 14:22:00 INFO 线程：1 - B8CC0B9B6E2BB3DA709E012608BB77BC
2019-04-03 14:22:00 INFO 线程：1 - 15521242498
2019-04-03 14:46:27 INFO 线程：1 - B8CC0B9B6E2BB3DA709E012608BB77BC
2019-04-03 14:46:27 INFO 线程：1 - 15521242498
2019-04-03 16:27:37 INFO 线程：1 - 开始读取配置文件...
2019-04-03 16:27:37 INFO 线程：1 - 当前路径:F:\workspace\ResidentUserQuery
2019-04-03 16:27:37 INFO 线程：1 - 默认数据库类型:SqlServer
2019-04-03 16:27:37 INFO 线程：1 - 查询 exec [proc_数据库配置_分库信息] 'CITY'
2019-04-03 16:27:38 INFO 线程：1 - 读取到 2 条分库信息
2019-04-03 16:27:38 INFO 线程：1 - 读取配置文件完毕.
2019-04-03 16:27:38 INFO 线程：1 - 开始读取常驻配置...
2019-04-03 16:27:38 INFO 线程：1 - 读取常驻配置完毕 常驻配置数=157
2019-04-03 16:27:38 INFO 线程：1 - 共查询1个号码
2019-04-03 16:27:38 INFO 线程：1 - F:/qq接收的文件/预测模型/result_bak开始写入文件
2019-04-03 16:27:39 INFO 线程：1 - F:/qq接收的文件/预测模型/result_bak写入文件完毕
2019-04-03 16:28:16 INFO 线程：1 - 开始读取配置文件...
2019-04-03 16:28:16 INFO 线程：1 - 当前路径:F:\workspace\ResidentUserQuery
2019-04-03 16:28:16 INFO 线程：1 - 默认数据库类型:SqlServer
2019-04-03 16:28:16 INFO 线程：1 - 查询 exec [proc_数据库配置_分库信息] 'CITY'
2019-04-03 16:28:20 INFO 线程：1 - 读取到 2 条分库信息
2019-04-03 16:28:20 INFO 线程：1 - 读取配置文件完毕.
2019-04-03 16:28:20 INFO 线程：1 - 开始读取常驻配置...
2019-04-03 16:28:20 INFO 线程：1 - 读取常驻配置完毕 常驻配置数=157
2019-04-03 16:28:20 INFO 线程：1 - 共查询1个号码
2019-04-03 16:28:20 INFO 线程：1 - F:/qq接收的文件/预测模型/result_bak开始写入文件
2019-04-03 16:28:20 INFO 线程：1 - F:/qq接收的文件/预测模型/result_bak写入文件完毕
2019-04-03 16:32:07 INFO 线程：1 - 开始读取配置文件...
2019-04-03 16:32:07 INFO 线程：1 - 当前路径:F:\workspace\ResidentUserQuery
2019-04-03 16:32:07 INFO 线程：1 - 默认数据库类型:SqlServer
2019-04-03 16:32:08 INFO 线程：1 - 查询 exec [proc_数据库配置_分库信息] 'CITY'
2019-04-03 16:32:08 INFO 线程：1 - 读取到 2 条分库信息
2019-04-03 16:32:08 INFO 线程：1 - 读取配置文件完毕.
2019-04-03 16:32:09 INFO 线程：1 - 开始读取常驻配置...
2019-04-03 16:32:09 INFO 线程：1 - 读取常驻配置完毕 常驻配置数=157
2019-04-03 16:32:09 INFO 线程：1 - 共查询1个号码
2019-04-03 16:32:09 INFO 线程：1 - F:/qq接收的文件/预测模型/result_bak开始写入文件
2019-04-03 16:32:09 INFO 线程：1 - F:/qq接收的文件/预测模型/result_bak写入文件完毕
